[2015-09-25 15:43:43,161: INFO/MainProcess] Connected to redis://192.168.1.8:6379/0
[2015-09-25 15:43:43,177: INFO/MainProcess] mingle: searching for neighbors
[2015-09-25 15:43:43,829: INFO/Worker-1] child process 17776 calling self.run()
[2015-09-25 15:43:44,249: INFO/MainProcess] mingle: all alone
[2015-09-25 15:43:44,351: WARNING/MainProcess] D:\develop\Python27\lib\site-packages\celery\fixups\django.py:265: UserWarning: Using settings.DEBUG leads to a memory leak, never use this setting in production environments!
  warnings.warn('Using settings.DEBUG leads to a memory leak, never '

[2015-09-25 15:43:44,352: WARNING/MainProcess] celery@stephen-office ready.
[2015-09-25 15:43:44,398: INFO/Worker-1] child process 27060 calling self.run()

[2015-09-25 15:49:44,960: INFO/MainProcess] Received task: recommendation.tasks.add[94d8ba55-27c1-4c73-8170-955c9efb6f6f]
[2015-09-25 15:49:45,134: INFO/MainProcess] Task recommendation.tasks.add[94d8ba55-27c1-4c73-8170-955c9efb6f6f] succeeded in 0.173000097275s: 4
[2015-09-25 15:50:30,737: INFO/MainProcess] Connected to redis://192.168.1.8:6379/0
[2015-09-25 15:50:30,765: INFO/MainProcess] mingle: searching for neighbors
[2015-09-25 15:50:31,313: INFO/Worker-1] child process 31544 calling self.run()
[2015-09-25 15:50:31,865: INFO/MainProcess] mingle: all alone
[2015-09-25 15:50:31,877: INFO/Worker-1] child process 12456 calling self.run()
[2015-09-25 15:50:32,006: WARNING/MainProcess] D:\develop\Python27\lib\site-packages\celery\fixups\django.py:265: UserWarning: Using settings.DEBUG leads to a memory leak, never use this setting in production environments!
  warnings.warn('Using settings.DEBUG leads to a memory leak, never '

[2015-09-25 15:50:32,009: WARNING/MainProcess] celery@stephen-office ready.
[2015-09-25 16:02:13,690: WARNING/MainProcess] D:\develop\Python27\lib\site-packages\celery\apps\worker.py:161: CDeprecationWarning: 
Starting from version 3.2 Celery will refuse to accept pickle by default.

The pickle serializer is a security concern as it may give attackers
the ability to execute any command.  It's important to secure
your broker from unauthorized access when using pickle, so we think
that enabling pickle should require a deliberate action and not be
the default choice.

If you depend on pickle then you should set a setting to disable this
warning and to be sure that everything will continue working
when you upgrade to Celery 3.2::

    CELERY_ACCEPT_CONTENT = ['pickle', 'json', 'msgpack', 'yaml']

You must only enable the serializers that you will actually use.


  warnings.warn(CDeprecationWarning(W_PICKLE_DEPRECATED))

[2015-09-25 16:02:14,798: INFO/MainProcess] Connected to redis://192.168.1.8:6379/0
[2015-09-25 16:02:14,813: INFO/MainProcess] mingle: searching for neighbors
[2015-09-25 16:02:15,655: INFO/Worker-1] child process 23080 calling self.run()
[2015-09-25 16:02:15,765: INFO/Worker-1] child process 25644 calling self.run()
[2015-09-25 16:02:15,874: INFO/MainProcess] mingle: all alone
[2015-09-25 16:02:15,967: WARNING/MainProcess] D:\develop\Python27\lib\site-packages\celery\fixups\django.py:265: UserWarning: Using settings.DEBUG leads to a memory leak, never use this setting in production environments!
  warnings.warn('Using settings.DEBUG leads to a memory leak, never '

[2015-09-25 16:02:15,967: WARNING/MainProcess] celery@stephen-office ready.
